<?xml version="1.0" encoding="UTF-8"?>
<testsuite xmlns:xsi="http://www.w3.org/2001/XMLSchema-instance" xsi:noNamespaceSchemaLocation="https://maven.apache.org/surefire/maven-surefire-plugin/xsd/surefire-test-report.xsd" name="edu.esprit.kaddem.EtudiantServiceImplTest" time="1.481" tests="5" errors="0" skipped="0" failures="0">
  <properties>
[...]
</properties>
  <testcase name="testUpdateEtudiant" classname="edu.esprit.kaddem.EtudiantServiceImplTest" time="1.365"/>
  <testcase name="testRetrieveAllEtudiants" classname="edu.esprit.kaddem.EtudiantServiceImplTest" time="0.002"/>
  <testcase name="testRetrieveEtudiant" classname="edu.esprit.kaddem.EtudiantServiceImplTest" time="0.004"/>
  <testcase name="testRemoveEtudiant" classname="edu.esprit.kaddem.EtudiantServiceImplTest" time="0.003"/>
  <testcase name="testAddEtudiant" classname="edu.esprit.kaddem.EtudiantServiceImplTest" time="0.002"/>
</testsuite>